<?xml version="1.0" encoding="UTF-8"?>
<!-- Generated by org.testng.reporters.JUnitReportReporter -->
<testsuite skipped="0" hostname="PC" name="com.crm.vtiger.ProductTest.CreateProductTest" tests="2" failures="0" timestamp="12 Jul 2021 12:20:48 GMT" time="0.026" errors="0">
  <testcase name="createProductWithNameTest" time="0.003" classname="com.crm.vtiger.ProductTest.CreateProductTest"/>
  <testcase name="createProductWithId" time="0.023" classname="com.crm.vtiger.ProductTest.CreateProductTest"/>
</testsuite> <!-- com.crm.vtiger.ProductTest.CreateProductTest -->
